\BOOKMARK [1][-]{section.1}{\376\377\000B\000o\000x\000i\000n\000g\000\040\000L\000i\000b\000r\000a\000r\000y}{}
\BOOKMARK [2][-]{subsection.1.1}{\376\377\000D\000e\000f\000i\000n\000i\000t\000i\000o\000n\000s}{section.1}
\BOOKMARK [3][-]{subsubsection.1.1.1}{\376\377\000s\000a\000m\000p\000l\000e\000d\000-\000i\000m\000a\000g\000e}{subsection.1.1}
\BOOKMARK [3][-]{subsubsection.1.1.2}{\376\377\000r\000a\000w\000-\000i\000m\000a\000g\000e}{subsection.1.1}
\BOOKMARK [3][-]{subsubsection.1.1.3}{\376\377\000m\000e\000t\000a\000d\000a\000t\000a}{subsection.1.1}
\BOOKMARK [3][-]{subsubsection.1.1.4}{\376\377\000b\000o\000x\000i\000n\000g}{subsection.1.1}
\BOOKMARK [3][-]{subsubsection.1.1.5}{\376\377\000u\000n\000b\000o\000x\000i\000n\000g}{subsection.1.1}
\BOOKMARK [3][-]{subsubsection.1.1.6}{\376\377\000b\000o\000x\000i\000n\000g\000-\000f\000o\000r\000m\000a\000t}{subsection.1.1}
\BOOKMARK [3][-]{subsubsection.1.1.7}{\376\377\000e\000x\000t\000r\000a\000c\000t\000-\000s\000t\000e\000p}{subsection.1.1}
\BOOKMARK [3][-]{subsubsection.1.1.8}{\376\377\000d\000e\000c\000o\000d\000e\000-\000s\000t\000e\000p}{subsection.1.1}
\BOOKMARK [2][-]{subsection.1.2}{\376\377\000S\000a\000m\000p\000l\000e\000\040\000A\000p\000p\000l\000i\000c\000a\000t\000i\000o\000n\000s}{section.1}
\BOOKMARK [3][-]{subsubsection.1.2.1}{\376\377\000B\000o\000x\000e\000r}{subsection.1.2}
\BOOKMARK [3][-]{subsubsection.1.2.2}{\376\377\000U\000n\000b\000o\000x\000e\000r}{subsection.1.2}
\BOOKMARK [1][-]{section.2}{\376\377\000T\000o\000d\000o\000\040\000L\000i\000s\000t}{}
\BOOKMARK [1][-]{section.3}{\376\377\000M\000o\000d\000u\000l\000e\000\040\000D\000o\000c\000u\000m\000e\000n\000t\000a\000t\000i\000o\000n}{}
\BOOKMARK [2][-]{subsection.3.1}{\376\377\000B\000o\000x\000e\000r}{section.3}
\BOOKMARK [3][-]{subsubsection.3.1.1}{\376\377\000F\000u\000n\000c\000t\000i\000o\000n\000\040\000D\000o\000c\000u\000m\000e\000n\000t\000a\000t\000i\000o\000n}{subsection.3.1}
\BOOKMARK [2][-]{subsection.3.2}{\376\377\000U\000n\000b\000o\000x\000i\000n\000g}{section.3}
\BOOKMARK [2][-]{subsection.3.3}{\376\377\000U\000n\000b\000o\000x\000e\000r}{section.3}
\BOOKMARK [3][-]{subsubsection.3.3.1}{\376\377\000T\000y\000p\000e\000d\000e\000f\000\040\000D\000o\000c\000u\000m\000e\000n\000t\000a\000t\000i\000o\000n}{subsection.3.3}
\BOOKMARK [3][-]{subsubsection.3.3.2}{\376\377\000E\000n\000u\000m\000e\000r\000a\000t\000i\000o\000n\000\040\000T\000y\000p\000e\000\040\000D\000o\000c\000u\000m\000e\000n\000t\000a\000t\000i\000o\000n}{subsection.3.3}
\BOOKMARK [3][-]{subsubsection.3.3.3}{\376\377\000F\000u\000n\000c\000t\000i\000o\000n\000\040\000D\000o\000c\000u\000m\000e\000n\000t\000a\000t\000i\000o\000n}{subsection.3.3}
\BOOKMARK [2][-]{subsection.3.4}{\376\377\000C\000o\000n\000f\000i\000g\000u\000r\000a\000t\000i\000o\000n}{section.3}
\BOOKMARK [3][-]{subsubsection.3.4.1}{\376\377\000F\000u\000n\000c\000t\000i\000o\000n\000\040\000D\000o\000c\000u\000m\000e\000n\000t\000a\000t\000i\000o\000n}{subsection.3.4}
\BOOKMARK [1][-]{section.4}{\376\377\000D\000a\000t\000a\000\040\000S\000t\000r\000u\000c\000t\000u\000r\000e\000\040\000D\000o\000c\000u\000m\000e\000n\000t\000a\000t\000i\000o\000n}{}
\BOOKMARK [2][-]{subsection.4.1}{\376\377\000b\000o\000x\000i\000n\000g\000\137\000b\000o\000x\000e\000r\000\137\000p\000a\000r\000a\000m\000e\000t\000e\000r\000s\000\137\000s\000\040\000S\000t\000r\000u\000c\000t\000\040\000R\000e\000f\000e\000r\000e\000n\000c\000e}{section.4}
\BOOKMARK [3][-]{subsubsection.4.1.1}{\376\377\000D\000e\000t\000a\000i\000l\000e\000d\000\040\000D\000e\000s\000c\000r\000i\000p\000t\000i\000o\000n}{subsection.4.1}
\BOOKMARK [2][-]{subsection.4.2}{\376\377\000b\000o\000x\000i\000n\000g\000\137\000c\000o\000n\000f\000i\000g\000\137\000s\000\040\000S\000t\000r\000u\000c\000t\000\040\000R\000e\000f\000e\000r\000e\000n\000c\000e}{section.4}
\BOOKMARK [3][-]{subsubsection.4.2.1}{\376\377\000D\000e\000t\000a\000i\000l\000e\000d\000\040\000D\000e\000s\000c\000r\000i\000p\000t\000i\000o\000n}{subsection.4.2}
\BOOKMARK [2][-]{subsection.4.3}{\376\377\000b\000o\000x\000i\000n\000g\000\137\000u\000n\000b\000o\000x\000e\000r\000\137\000p\000a\000r\000a\000m\000e\000t\000e\000r\000s\000\137\000s\000\040\000S\000t\000r\000u\000c\000t\000\040\000R\000e\000f\000e\000r\000e\000n\000c\000e}{section.4}
\BOOKMARK [3][-]{subsubsection.4.3.1}{\376\377\000D\000e\000t\000a\000i\000l\000e\000d\000\040\000D\000e\000s\000c\000r\000i\000p\000t\000i\000o\000n}{subsection.4.3}
\BOOKMARK [2][-]{subsection.4.4}{\376\377\000b\000o\000x\000i\000n\000g\000\137\000u\000n\000b\000o\000x\000i\000n\000g\000\137\000c\000o\000d\000e\000c\000\137\000i\000n\000f\000o\000\137\000s\000\040\000S\000t\000r\000u\000c\000t\000\040\000R\000e\000f\000e\000r\000e\000n\000c\000e}{section.4}
\BOOKMARK [3][-]{subsubsection.4.4.1}{\376\377\000D\000e\000t\000a\000i\000l\000e\000d\000\040\000D\000e\000s\000c\000r\000i\000p\000t\000i\000o\000n}{subsection.4.4}
